<?xml version="1.0" encoding="UTF-8"?><testsuite errors="0" failures="0" name="swagger.petstore.petsoreinfo.UsersCURDTestWithSteps" skipped="0" tests="4" time="3.13" timestamp="2023-01-04T16:17:56.772Z[Europe/London]"><testcase classname="swagger.petstore.petsoreinfo.UsersCURDTestWithSteps" name="This test will Create a new User"/><testcase classname="swagger.petstore.petsoreinfo.UsersCURDTestWithSteps" name="Verify user is added"/><testcase classname="swagger.petstore.petsoreinfo.UsersCURDTestWithSteps" name="Update the user information and verify the updated information"/><testcase classname="swagger.petstore.petsoreinfo.UsersCURDTestWithSteps" name="Verify user was deleted"/></testsuite>