<?xml version="1.0" encoding="UTF-8"?><testsuite errors="0" failures="0" name="swagger.petstore.petsoreinfo.PetsCRUDTest" skipped="0" tests="4" time="12.69" timestamp="2023-01-04T16:17:41.449Z[Europe/London]"><testcase classname="swagger.petstore.petsoreinfo.PetsCRUDTest" name="This will create new Pet"/><testcase classname="swagger.petstore.petsoreinfo.PetsCRUDTest" name="Verify pet was created"/><testcase classname="swagger.petstore.petsoreinfo.PetsCRUDTest" name="Update the pet info"/><testcase classname="swagger.petstore.petsoreinfo.PetsCRUDTest" name="Delete the pet"/></testsuite>